<?xml version="1.0" encoding="UTF-8"?>
<!-- Generated by org.testng.reporters.JUnitReportReporter -->
<testsuite hostname="LAPTOP-A3QVATND" failures="0" tests="2" name="com.coursera.org.BaseTest.BasePackageTest" time="66.540" errors="0" timestamp="2021-09-27T13:18:02 IST" skipped="0">
  <testcase classname="com.coursera.org.BaseTest.BasePackageTest" name="testListToMapFunc" time="0.003"/>
  <system-out/>
  <testcase classname="com.coursera.org.BaseTest.BasePackageTest" name="testBasePackage" time="66.537"/>
  <system-out/>
</testsuite> <!-- com.coursera.org.BaseTest.BasePackageTest -->
