<?xml version="1.0" encoding="UTF-8"?>
<!-- Generated by org.testng.reporters.JUnitReportReporter -->
<testsuite hostname="DESKTOP-BM588O0" failures="0" tests="6" name="com.coursera.org.Test.identifyCoursesTest$validateIdentifyCourses" time="29.853" errors="0" timestamp="2021-09-29T09:52:33 IST" skipped="0">
  <testcase classname="com.coursera.org.Test.identifyCoursesTest$validateIdentifyCourses" name="validateSearchCourse" time="7.651"/>
  <system-out/>
  <testcase classname="com.coursera.org.Test.identifyCoursesTest$validateIdentifyCourses" name="validateSelectLanguage" time="5.543"/>
  <system-out/>
  <testcase classname="com.coursera.org.Test.identifyCoursesTest$validateIdentifyCourses" name="validateSelectLevel" time="6.078"/>
  <system-out/>
  <testcase classname="com.coursera.org.Test.identifyCoursesTest$validateIdentifyCourses" name="validateFirstCourse" time="5.202"/>
  <system-out>
    <![CDATA[ 
Details of First Course :
 
Course Name - Web Design for Everybody: Basics of Web Development & Coding
Course Rating - 4.7
Course Duration - Approximately 6 months to complete]]>
  </system-out>
  <testcase classname="com.coursera.org.Test.identifyCoursesTest$validateIdentifyCourses" name="validateSecondCourse" time="5.138"/>
  <system-out>
    <![CDATA[ 
Details of Second Course :
 
Course Name - Introduction to Web Development
Course Rating - 4.7
Course Duration - Approx. 22 hours to complete]]>
  </system-out>
  <testcase classname="com.coursera.org.Test.identifyCoursesTest$validateIdentifyCourses" name="validateScreenShot" time="0.241"/>
  <system-out/>
</testsuite> <!-- com.coursera.org.Test.identifyCoursesTest$validateIdentifyCourses -->
