<?xml version="1.0" encoding="UTF-8"?>
<!-- Generated by org.testng.reporters.JUnitReportReporter -->
<testsuite hostname="LAPTOP-QVQKP2NB" failures="0" tests="1" name="com.coursera.org.UtilitiesTest.HighlighterAndScreenShotTest" time="16.308" errors="0" timestamp="2021-09-26T15:55:39 IST" skipped="0">
  <testcase classname="com.coursera.org.UtilitiesTest.HighlighterAndScreenShotTest" name="hightlightAndTakeScreenShot" time="16.308"/>
  <system-out/>
</testsuite> <!-- com.coursera.org.UtilitiesTest.HighlighterAndScreenShotTest -->
